C51 COMPILER V9.54   CAR_LANYA                                                             12/21/2021 12:52:00 PAGE 1   


C51 COMPILER V9.54, COMPILATION OF MODULE CAR_LANYA
OBJECT MODULE PLACED IN .\Objects\car_lanya.obj
COMPILER INVOKED BY: E:\C51\BIN\C51.EXE car_lanya.c OPTIMIZE(8,SPEED) BROWSE DEBUG OBJECTEXTEND PRINT(.\Listings\car_lan
                    -ya.lst) TABS(2) OBJECT(.\Objects\car_lanya.obj)

line level    source

   1          #include <reg52.h>
   2          #include <intrins.h>
   3          #define uchar unsigned char
   4          #define uint unsigned int
   5          
   6          uchar tmp;
   7          uint c=0, model;
   8          uint speed = 35;
   9          sbit led1=P1^0;       //指示灯0
  10          sbit led2=P1^1;     //指示灯1
  11          sbit led3=P1^2;     //指示灯3
  12          sbit led7=P1^7;     //指示灯3
  13          
  14          sbit in1 = P0^0;
  15          sbit in2 = P0^1;
  16          sbit in3 = P0^2;
  17          sbit in4 = P0^3;
  18          sbit enA = P0^4;
  19          sbit enB = P0^5;
  20          
  21          void delay_ms(unsigned char c)   //误差 0us
  22          {
  23   1          unsigned char a,b;
  24   1          for(;c>0;c--)
  25   1              for(b=142;b>0;b--)
  26   1                  for(a=2;a>0;a--);
  27   1      }
  28          
  29          void delay_us(unsigned int aa)
  30          {
  31   1        while(aa--);
  32   1      }
  33          
  34          //小车右转
  35          void right(unsigned char pwm)
  36          {
  37   1        enA = 1;
  38   1        in1 = 0;
  39   1        in2 = 1;
  40   1        in3 = 0;
  41   1        in4 = 0;
  42   1        delay_us( pwm );
  43   1        
  44   1        enA = 1;
  45   1        in1 = 0;
  46   1        in2 = 0;
  47   1        in3 = 0;
  48   1        in4 = 0;
  49   1        delay_us( 100 - pwm ); 
  50   1      }
  51          
  52          //小车左转
  53          void left(unsigned char pwm)
  54          {
C51 COMPILER V9.54   CAR_LANYA                                                             12/21/2021 12:52:00 PAGE 2   

  55   1        enA = 1;
  56   1        in1 = 0;
  57   1        in2 = 0;
  58   1        in3 = 1;
  59   1        in4 = 0;
  60   1        delay_us( pwm );
  61   1        
  62   1        enA = 1;
  63   1        in1 = 0;
  64   1        in2 = 0;
  65   1        in3 = 0;
  66   1        in4 = 0;
  67   1        delay_us( 100 - pwm ); 
  68   1      }
  69          
  70          //小车后退
  71          void back(unsigned char pwm)
  72          {
  73   1        //enA = 1;
  74   1        enB = 1;
  75   1        in1 = 1;
  76   1        in2 = 0;
  77   1        in3 = 1;
  78   1        in4 = 0;
  79   1        delay_us( pwm );
  80   1        
  81   1        enA = 1;
  82   1        in1 = 0;
  83   1        in2 = 0;
  84   1        in3 = 0;
  85   1        in4 = 0;
  86   1        delay_us( 100 - pwm ); 
  87   1      }
  88          
  89          //小车前进
  90          void forward(unsigned char pwm)
  91          {
  92   1        //enA = 1;
  93   1        enB = 1;
  94   1        in1 = 0;
  95   1        in2 = 1;
  96   1        in3 = 0;
  97   1        in4 = 1;
  98   1        delay_us( pwm );
  99   1        
 100   1        enA = 1;
 101   1        in1 = 0;
 102   1        in2 = 0;
 103   1        in3 = 0;
 104   1        in4 = 0;
 105   1        delay_us( 100 - pwm ); 
 106   1      }
 107          
 108          //小车停止
 109          void stop(void)
 110          {
 111   1        enB = 1;
 112   1        in1 = 0;
 113   1        in2 = 0;
 114   1        in3 = 0;
 115   1        in4 = 0;
 116   1      }
C51 COMPILER V9.54   CAR_LANYA                                                             12/21/2021 12:52:00 PAGE 3   

 117          
 118          void get_model(uchar value)
 119          {      
 120   1         uchar shu1,value1;
 121   1        value1=value-48;
 122   1        //bai=value1/16;
 123   1        shu1=value1%16;
 124   1      
 125   1      
 126   1         switch(shu1)
 127   1         {
 128   2          case 1:model = 1;break; //前进
 129   2        case 2:model = 2;break; //左转
 130   2        case 3:model = 3;break; //右转
 131   2        case 4:model = 4;break; //后退
 132   2        case 5:model = 5;break; //停止
 133   2        case 6:model = 6;break; //1挡
 134   2        case 7:model = 7;break; //2挡
 135   2        case 8:model = 8;break; //3挡
 136   2         }
 137   1      
 138   1      } 
 139              
 140          void init();   //串口初始化
 141          void send(uchar a); //单字节发送函数
 142          void ctrl(); //接收处理函数
 143          
 144          //void main()
 145          //{
 146          //  init();
 147          //  //uint speed = 35;
 148          //    while(1)
 149          //    {         
 150          //    get_model(SBUF);
 151          
 152          //    if(model == 1)
 153          //      forward(speed);
 154          //    if(model == 2)
 155          //      left(speed);
 156          //    if(model == 3)
 157          //      right(speed);
 158          //    if(model == 4)
 159          //      back(speed);
 160          //    if(model == 5)
 161          //      stop();
 162          //    if(model == 6)
 163          //      speed = 35;
 164          //    if(model == 7)
 165          //      speed = 70;
 166          //    if(model == 8)
 167          //      speed = 100;
 168          
 169          //    if(RI==1)                     // 是否有数据到来
 170          //    {
 171          //      RI = 0;
 172          //      ctrl();
 173          //    }       
 174          //  }
 175          //}
 176          
 177           void init()  //串口初始化
 178           {
C51 COMPILER V9.54   CAR_LANYA                                                             12/21/2021 12:52:00 PAGE 4   

 179   1            ES=0;                 //关中断
 180   1            SCON = 0x50;                        // REN=1允许串行接受状态，串口工作模式1,
 181   1                              //10位UART（1位起始位，8位数据位，1位停止位，无奇偶校验），波特率可变
 182   1      
 183   1            TMOD = 0x20;                        // 定时器1工作于方式2，8位自动重载模式, 用于产生波特率
 184   1                TH1=TL1=0xFD;                       // 波特率9600 （本次测试采用晶振为11.0592）
 185   1                
 186   1                PCON &= 0x7f;                       // 波特率不倍增
 187   1                TR1 = 1;                //定时器1开始工作，产生波特率
 188   1                              //发送标志位置0
 189   1            TI=0;                 //接收标志位置0
 190   1            RI=0;
 191   1            
 192   1            //EA=0;
 193   1              ES=1;
 194   1       }
 195             
 196          void send(unsigned char a)  //单字节数据发送
 197          {             //注意：若单片机TXD（P3.1）无上拉能力，必须在P3.1端接上拉电阻。本次测试需要接上拉电阻
 198   1        TI=0; 
 199   1        SBUF=a;
 200   1        while(TI==0);
 201   1        TI=0;
 202   1      
 203   1        if(c%2)         //发送指示灯标志，每接收一次，此灯亮灭交替
 204   1         led7=1;
 205   1        else
 206   1         led7=0;
 207   1        c++;
 208   1      } 
 209          
 210          void ctrl()               //接收处理函数
 211          {
 212   1                  switch(tmp)
 213   1                {
 214   2                  case '1':
 215   2                  send(tmp);
 216   2                  break;          
 217   2                case '2':          //收到字符2，指示灯1灭
 218   2                   send(tmp);
 219   2                   break;
 220   2                case '3':           //收到字符3，指示灯0、1亮
 221   2                   send(tmp);
 222   2                   break;
 223   2                case '4':         //收到字符4，指示灯0、1灭
 224   2                    send(tmp);
 225   2                    break;
 226   2                case '5':         //收到字符5，指示灯3亮
 227   2                  send(tmp);
 228   2                  break;
 229   2                default:                   //其他，灯全灭
 230   2                    send(tmp);
 231   2                }
 232   1      }


MODULE INFORMATION:   STATIC OVERLAYABLE
   CODE SIZE        =    372    ----
   CONSTANT SIZE    =   ----    ----
   XDATA SIZE       =   ----    ----
   PDATA SIZE       =   ----    ----
   DATA SIZE        =      7    ----
C51 COMPILER V9.54   CAR_LANYA                                                             12/21/2021 12:52:00 PAGE 5   

   IDATA SIZE       =   ----    ----
   BIT SIZE         =   ----    ----
END OF MODULE INFORMATION.


C51 COMPILATION COMPLETE.  0 WARNING(S),  0 ERROR(S)
