C51 COMPILER V9.54   CHAO                                                                  12/22/2021 18:33:06 PAGE 1   


C51 COMPILER V9.54, COMPILATION OF MODULE CHAO
OBJECT MODULE PLACED IN .\Objects\chao.obj
COMPILER INVOKED BY: D:\keil5\C51\BIN\C51.EXE chao.c OPTIMIZE(8,SPEED) BROWSE DEBUG OBJECTEXTEND PRINT(.\Listings\chao.l
                    -st) TABS(2) OBJECT(.\Objects\chao.obj)

line level    source

   1          #include <reg52.h>
   2          #include <stdio.h>
   3          #include "chao.h"
   4          #include "serial.h"
   5          
   6          unsigned char count;       
   7          long int distance;
   8          
   9          void trigger()   //超声波模块触发函数
  10          {
  11   1        trig=1;      //打开超声波触发端口
  12   1        delay(2);
  13   1        trig=0;      //关闭超声波触发端口
  14   1      }
  15          
  16          void measure_init()  //测量函数初始化
  17          {
  18   1        trig=0;   //触发端口低电平
  19   1        echo=0;   //接收端口低电平
  20   1        count=0;  
  21   1      }
  22          
  23          void measure()    //测距函数
  24          {
  25   1        uchar a;
  26   1        uint b,c;
  27   1        TR0=1;   //打开定时器
  28   1        while(echo)   //当超声波接收打开时计时
  29   1        {
  30   2          ;
  31   2        }
  32   1        TR0=0;   //关闭定时器
  33   1        a=TL0;   //a，b分别赋予中断函数高八位和第八位计时后的数值
  34   1        b=TH0;
  35   1        c=(b<<8)+a;  //高八位左移八位之后与低八位做加法运算
  36   1        c=c-0xfc66;  //减去初始值高八位和低八位
  37   1        distance=c+1000*count;  //总的时间,单位是μs
  38   1        TL0=0x66;    //重新装入初始值
  39   1        TH0=0xfc;
  40   1        delayt(30);
  41   1        distance=3453*distance/20000; //计算距离，单位是cm
  42   1      }
  43          /*
  44          距离计算原理:所求t μs,distance=t*0.34(声速340m/s=0.34cm/μs)/2  
  45          */


MODULE INFORMATION:   STATIC OVERLAYABLE
   CODE SIZE        =    126    ----
   CONSTANT SIZE    =   ----    ----
   XDATA SIZE       =   ----    ----
   PDATA SIZE       =   ----    ----
   DATA SIZE        =      5    ----
   IDATA SIZE       =   ----    ----
C51 COMPILER V9.54   CHAO                                                                  12/22/2021 18:33:06 PAGE 2   

   BIT SIZE         =   ----    ----
END OF MODULE INFORMATION.


C51 COMPILATION COMPLETE.  0 WARNING(S),  0 ERROR(S)
